Using pre-set license
Built from '2020.2/release' branch; Version is '2020.2.1f1 (270dd8c3da1c) revision 2559448'; Using compiler version '192528614'; Build Type 'Release'
OS: 'Windows 10  (10.0.0) 64bit' Language: 'en' Physical Memory: 8121 MB
BatchMode: 1, IsHumanControllingUs: 0, StartBugReporterOnCrash: 0, Is64bit: 1, IsPro: 0

 COMMAND LINE ARGUMENTS:
C:\Program Files\Unity\Hub\Editor\2020.2.1f1\Editor\Unity.exe
-adb2
-batchMode
-noUpm
-name
AssetImportWorker0
-projectPath
C:/Users/JJNMC/Documents/Unity Proyects/Combat Test
-logFile
Logs/AssetImportWorker0.log
-srvPort
64323
Successfully changed project path to: C:/Users/JJNMC/Documents/Unity Proyects/Combat Test
C:/Users/JJNMC/Documents/Unity Proyects/Combat Test
Using Asset Import Pipeline V2.
Refreshing native plugins compatible for Editor in 36.45 ms, found 0 plugins.
Preloading 0 native plugins for Editor in 0.00 ms.
Initialize engine version: 2020.2.1f1 (270dd8c3da1c)
[Subsystems] Discovering subsystems at path C:/Program Files/Unity/Hub/Editor/2020.2.1f1/Editor/Data/Resources/UnitySubsystems
[Subsystems] Discovering subsystems at path C:/Users/JJNMC/Documents/Unity Proyects/Combat Test/Assets
GfxDevice: creating device client; threaded=0
Direct3D:
    Version:  Direct3D 11.0 [level 11.1]
    Renderer: NVIDIA GeForce GTX 960 (ID=0x1401)
    Vendor:   
    VRAM:     4053 MB
    Driver:   30.0.14.9649
Initialize mono
Mono path[0] = 'C:/Program Files/Unity/Hub/Editor/2020.2.1f1/Editor/Data/Managed'
Mono path[1] = 'C:/Program Files/Unity/Hub/Editor/2020.2.1f1/Editor/Data/MonoBleedingEdge/lib/mono/unityjit'
Mono config path = 'C:/Program Files/Unity/Hub/Editor/2020.2.1f1/Editor/Data/MonoBleedingEdge/etc'
Using monoOptions --debugger-agent=transport=dt_socket,embedding=1,server=y,suspend=n,address=127.0.0.1:56956
Begin MonoManager ReloadAssembly
Registering precompiled unity dll's ...
Register platform support module: C:/Program Files/Unity/Hub/Editor/2020.2.1f1/Editor/Data/PlaybackEngines/WindowsStandaloneSupport/UnityEditor.WindowsStandalone.Extensions.dll
Registered in 0.002226 seconds.
Native extension for WindowsStandalone target not found
Refreshing native plugins compatible for Editor in 33.91 ms, found 0 plugins.
Preloading 0 native plugins for Editor in 0.00 ms.
Invoked RoslynAnalysisRunner static constructor.
RoslynAnalysisRunner will not be running.
RoslynAnalysisRunner has terminated.
Mono: successfully reloaded assembly
- Completed reload, in  4.044 seconds
Platform modules already initialized, skipping
Registering precompiled user dll's ...
Registered in 0.001366 seconds.
Begin MonoManager ReloadAssembly
Native extension for WindowsStandalone target not found
Refreshing native plugins compatible for Editor in 0.47 ms, found 0 plugins.
Preloading 0 native plugins for Editor in 0.00 ms.
Invoked RoslynAnalysisRunner static constructor.
RoslynAnalysisRunner will not be running.
RoslynAnalysisRunner has terminated.
Mono: successfully reloaded assembly
- Completed reload, in  1.670 seconds
Platform modules already initialized, skipping
========================================================================
Worker process is ready to serve import requests
Launched and connected shader compiler UnityShaderCompiler.exe after 0.06 seconds
Refreshing native plugins compatible for Editor in 0.30 ms, found 0 plugins.
Preloading 0 native plugins for Editor in 0.00 ms.
Unloading 1872 Unused Serialized files (Serialized files now loaded: 0)
System memory in use before: 91.6 MB.
System memory in use after: 91.6 MB.

Unloading 86 unused Assets to reduce memory usage. Loaded Objects now: 2306.
Total: 2.536200 ms (FindLiveObjects: 0.300000 ms CreateObjectMapping: 0.247300 ms MarkObjects: 1.803900 ms  DeleteObjects: 0.183800 ms)

========================================================================
Received Import Request.
  path: Assets/DungeonCharacters/Skeletons_demo/models/DungeonSkeleton_demo.FBX
  artifactKey: Guid(f227b5017a7c0184a96c2c26f1e4408d) Importer(815301076,1909f56bfc062723c751e8b465ee728b)
Start importing Assets/DungeonCharacters/Skeletons_demo/models/DungeonSkeleton_demo.FBX using Guid(f227b5017a7c0184a96c2c26f1e4408d) Importer(815301076,1909f56bfc062723c751e8b465ee728b)  -> (artifact id: 'ebab5e563a1e05ba5899cd73c2949619') in 0.223288 seconds
  Import took 0.227802 seconds .

========================================================================
Received Import Request.
  Time since last request: 1.526505 seconds.
  path: Assets/DungeonCharacters/Skeletons_demo/models/DungeonSkeleton_demo.FBX
  artifactKey: Guid(f227b5017a7c0184a96c2c26f1e4408d) Importer(815301076,1909f56bfc062723c751e8b465ee728b)
Start importing Assets/DungeonCharacters/Skeletons_demo/models/DungeonSkeleton_demo.FBX using Guid(f227b5017a7c0184a96c2c26f1e4408d) Importer(815301076,1909f56bfc062723c751e8b465ee728b)  -> (artifact id: 'ebab5e563a1e05ba5899cd73c2949619') in 0.023967 seconds
  Import took 0.029224 seconds .

========================================================================
Received Prepare
Registering precompiled user dll's ...
Registered in 0.001470 seconds.
Begin MonoManager ReloadAssembly
Native extension for WindowsStandalone target not found
Refreshing native plugins compatible for Editor in 0.29 ms, found 0 plugins.
Preloading 0 native plugins for Editor in 0.00 ms.
Warning: Annotation not found!
UnityEngine.StackTraceUtility:ExtractStackTrace ()
UnityEditor.ProBuilder.EditorUtility:SetGizmoIconEnabled (System.Type,bool) (at Library/PackageCache/com.unity.probuilder@5.0.3/Editor/EditorCore/EditorUtility.cs:575)
UnityEditor.ProBuilder.HierarchyListener:.cctor () (at Library/PackageCache/com.unity.probuilder@5.0.3/Editor/EditorCore/HierarchyListener.cs:21)
System.Runtime.CompilerServices.RuntimeHelpers:RunClassConstructor (System.RuntimeTypeHandle)
UnityEditor.EditorAssemblies:ProcessInitializeOnLoadAttributes (System.Type[])

[Library/PackageCache/com.unity.probuilder@5.0.3/Editor/EditorCore/EditorUtility.cs line 575]

Invoked RoslynAnalysisRunner static constructor.
RoslynAnalysisRunner will not be running.
RoslynAnalysisRunner has terminated.
Mono: successfully reloaded assembly
- Completed reload, in  1.045 seconds
Platform modules already initialized, skipping
Refreshing native plugins compatible for Editor in 0.31 ms, found 0 plugins.
Preloading 0 native plugins for Editor in 0.00 ms.
Unloading 1839 Unused Serialized files (Serialized files now loaded: 0)
System memory in use before: 104.0 MB.
System memory in use after: 104.1 MB.

Unloading 7 unused Assets to reduce memory usage. Loaded Objects now: 2319.
Total: 2.608100 ms (FindLiveObjects: 0.222200 ms CreateObjectMapping: 0.060800 ms MarkObjects: 2.178200 ms  DeleteObjects: 0.146200 ms)

========================================================================
Received Import Request.
  Time since last request: 116.816578 seconds.
  path: Assets/Scripts/RandomAnimationController.cs
  artifactKey: Guid(003fb683a109b0a49bd91e8d7782cf47) Importer(815301076,1909f56bfc062723c751e8b465ee728b)
Start importing Assets/Scripts/RandomAnimationController.cs using Guid(003fb683a109b0a49bd91e8d7782cf47) Importer(815301076,1909f56bfc062723c751e8b465ee728b)  -> (artifact id: 'c21a8aede4008feac71b0f17ab69009d') in 0.013827 seconds
  Import took 0.018660 seconds .

========================================================================
Received Import Request.
  Time since last request: 61.829475 seconds.
  path: Assets/DungeonCharacters/Skeletons_demo/DungeonSkeletons_pack.jpg
  artifactKey: Guid(638407f285212d546845248f67bd99f6) Importer(815301076,1909f56bfc062723c751e8b465ee728b)
Start importing Assets/DungeonCharacters/Skeletons_demo/DungeonSkeletons_pack.jpg using Guid(638407f285212d546845248f67bd99f6) Importer(815301076,1909f56bfc062723c751e8b465ee728b)  -> (artifact id: 'a749c07833e567ca924ab11495b9aade') in 0.056887 seconds
  Import took 0.064710 seconds .

========================================================================
Received Import Request.
  Time since last request: 7.299775 seconds.
  path: Assets/DungeonCharacters/Skeletons_demo/models/DungeonSkeleton_demo.FBX
  artifactKey: Guid(f227b5017a7c0184a96c2c26f1e4408d) Importer(815301076,1909f56bfc062723c751e8b465ee728b)
Start importing Assets/DungeonCharacters/Skeletons_demo/models/DungeonSkeleton_demo.FBX using Guid(f227b5017a7c0184a96c2c26f1e4408d) Importer(815301076,1909f56bfc062723c751e8b465ee728b)  -> (artifact id: 'bdd3c47fa5dee6c6afb1009fde251782') in 0.063911 seconds
  Import took 0.068318 seconds .

========================================================================
Received Import Request.
  Time since last request: 206.660862 seconds.
  path: Assets/DungeonCharacters/Skeletons_demo/models/Dodge Rigth.fbx
  artifactKey: Guid(1ab446af76eaa1e4a817a6944aa0deeb) Importer(815301076,1909f56bfc062723c751e8b465ee728b)
Start importing Assets/DungeonCharacters/Skeletons_demo/models/Dodge Rigth.fbx using Guid(1ab446af76eaa1e4a817a6944aa0deeb) Importer(815301076,1909f56bfc062723c751e8b465ee728b)  -> (artifact id: '70b760e4e03369ad0fcfefbec911f094') in 0.021286 seconds
  Import took 0.027406 seconds .

========================================================================
Received Prepare
Registering precompiled user dll's ...
Registered in 0.001488 seconds.
Begin MonoManager ReloadAssembly
Native extension for WindowsStandalone target not found
Refreshing native plugins compatible for Editor in 0.32 ms, found 0 plugins.
Preloading 0 native plugins for Editor in 0.00 ms.
Warning: Annotation not found!
UnityEngine.StackTraceUtility:ExtractStackTrace ()
UnityEditor.ProBuilder.EditorUtility:SetGizmoIconEnabled (System.Type,bool) (at Library/PackageCache/com.unity.probuilder@5.0.3/Editor/EditorCore/EditorUtility.cs:575)
UnityEditor.ProBuilder.HierarchyListener:.cctor () (at Library/PackageCache/com.unity.probuilder@5.0.3/Editor/EditorCore/HierarchyListener.cs:21)
System.Runtime.CompilerServices.RuntimeHelpers:RunClassConstructor (System.RuntimeTypeHandle)
UnityEditor.EditorAssemblies:ProcessInitializeOnLoadAttributes (System.Type[])

[Library/PackageCache/com.unity.probuilder@5.0.3/Editor/EditorCore/EditorUtility.cs line 575]

Invoked RoslynAnalysisRunner static constructor.
RoslynAnalysisRunner will not be running.
RoslynAnalysisRunner has terminated.
Mono: successfully reloaded assembly
- Completed reload, in  1.191 seconds
Platform modules already initialized, skipping
Refreshing native plugins compatible for Editor in 0.38 ms, found 0 plugins.
Preloading 0 native plugins for Editor in 0.00 ms.
Unloading 1839 Unused Serialized files (Serialized files now loaded: 0)
System memory in use before: 104.4 MB.
System memory in use after: 104.4 MB.

Unloading 7 unused Assets to reduce memory usage. Loaded Objects now: 2324.
Total: 37.386800 ms (FindLiveObjects: 27.647800 ms CreateObjectMapping: 0.164700 ms MarkObjects: 9.489900 ms  DeleteObjects: 0.082800 ms)

========================================================================
Received Import Request.
  Time since last request: 46.333629 seconds.
  path: Assets/DungeonCharacters/Skeletons_demo/models/DungeonSkeleton_demo.FBX
  artifactKey: Guid(f227b5017a7c0184a96c2c26f1e4408d) Importer(815301076,1909f56bfc062723c751e8b465ee728b)
Start importing Assets/DungeonCharacters/Skeletons_demo/models/DungeonSkeleton_demo.FBX using Guid(f227b5017a7c0184a96c2c26f1e4408d) Importer(815301076,1909f56bfc062723c751e8b465ee728b)  -> (artifact id: '0fe9c9023e28b2c405bcddadca63c4fb') in 0.089580 seconds
  Import took 0.093997 seconds .

========================================================================
Received Import Request.
  Time since last request: 23.556610 seconds.
  path: Assets/DungeonCharacters/Skeletons_demo/models/Dodge Rigth.fbx
  artifactKey: Guid(1ab446af76eaa1e4a817a6944aa0deeb) Importer(815301076,1909f56bfc062723c751e8b465ee728b)
Start importing Assets/DungeonCharacters/Skeletons_demo/models/Dodge Rigth.fbx using Guid(1ab446af76eaa1e4a817a6944aa0deeb) Importer(815301076,1909f56bfc062723c751e8b465ee728b)  -> (artifact id: 'c159cb82e19dc8de0bf4911d9d9200da') in 0.013161 seconds
  Import took 0.018601 seconds .

========================================================================
Received Import Request.
  Time since last request: 27.252389 seconds.
  path: Assets/DungeonCharacters/Skeletons_demo/models/Dodge Rigth.fbx
  artifactKey: Guid(1ab446af76eaa1e4a817a6944aa0deeb) Importer(815301076,1909f56bfc062723c751e8b465ee728b)
Start importing Assets/DungeonCharacters/Skeletons_demo/models/Dodge Rigth.fbx using Guid(1ab446af76eaa1e4a817a6944aa0deeb) Importer(815301076,1909f56bfc062723c751e8b465ee728b)  -> (artifact id: '7b5f07a0a28900be87c23d4a89ec56e8') in 0.012513 seconds
  Import took 0.018829 seconds .

========================================================================
Received Import Request.
  Time since last request: 65.534211 seconds.
  path: Assets/DungeonCharacters/Skeletons_demo/animation/DS_onehand_attack_A.FBX
  artifactKey: Guid(68e3a50f30bb0c54e8ca5cfae6eea48d) Importer(815301076,1909f56bfc062723c751e8b465ee728b)
Start importing Assets/DungeonCharacters/Skeletons_demo/animation/DS_onehand_attack_A.FBX using Guid(68e3a50f30bb0c54e8ca5cfae6eea48d) Importer(815301076,1909f56bfc062723c751e8b465ee728b)  -> (artifact id: '498bb531634d69193f5cbe05a0d7234d') in 0.005998 seconds
  Import took 0.011351 seconds .

========================================================================
Received Import Request.
  Time since last request: 0.000372 seconds.
  path: Assets/DungeonCharacters/Skeletons_demo/animation/DS_onehand_idle_A.FBX
  artifactKey: Guid(f15c07c4bb03eeb48a7d2f8bfc519969) Importer(815301076,1909f56bfc062723c751e8b465ee728b)
Start importing Assets/DungeonCharacters/Skeletons_demo/animation/DS_onehand_idle_A.FBX using Guid(f15c07c4bb03eeb48a7d2f8bfc519969) Importer(815301076,1909f56bfc062723c751e8b465ee728b)  -> (artifact id: '71b81f697bb4548acfc8705f7c7541fc') in 0.007383 seconds
  Import took 0.013111 seconds .

========================================================================
Received Import Request.
  Time since last request: 0.000081 seconds.
  path: Assets/DungeonCharacters/Skeletons_demo/animation/DS_onehand_walk.FBX
  artifactKey: Guid(272e84c6ff8fea340b19da71308f0475) Importer(815301076,1909f56bfc062723c751e8b465ee728b)
Start importing Assets/DungeonCharacters/Skeletons_demo/animation/DS_onehand_walk.FBX using Guid(272e84c6ff8fea340b19da71308f0475) Importer(815301076,1909f56bfc062723c751e8b465ee728b)  -> (artifact id: '28c85406e8f01ed59310cc8d84b33acf') in 0.008393 seconds
  Import took 0.014895 seconds .

========================================================================
Received Import Request.
  Time since last request: 25.357237 seconds.
  path: Assets/DungeonCharacters/Skeletons_demo/Skeleton_Animator.controller
  artifactKey: Guid(26c891478cef5124b9d21bfea42a521c) Importer(815301076,1909f56bfc062723c751e8b465ee728b)
Start importing Assets/DungeonCharacters/Skeletons_demo/Skeleton_Animator.controller using Guid(26c891478cef5124b9d21bfea42a521c) Importer(815301076,1909f56bfc062723c751e8b465ee728b)  -> (artifact id: '21d9ded957bf205ff90ab67114c81e02') in 0.014428 seconds
  Import took 0.018350 seconds .

========================================================================
Received Prepare
Registering precompiled user dll's ...
Registered in 0.001763 seconds.
Begin MonoManager ReloadAssembly
Native extension for WindowsStandalone target not found
Refreshing native plugins compatible for Editor in 0.46 ms, found 0 plugins.
Preloading 0 native plugins for Editor in 0.00 ms.
Warning: Annotation not found!
UnityEngine.StackTraceUtility:ExtractStackTrace ()
UnityEditor.ProBuilder.EditorUtility:SetGizmoIconEnabled (System.Type,bool) (at Library/PackageCache/com.unity.probuilder@5.0.3/Editor/EditorCore/EditorUtility.cs:575)
UnityEditor.ProBuilder.HierarchyListener:.cctor () (at Library/PackageCache/com.unity.probuilder@5.0.3/Editor/EditorCore/HierarchyListener.cs:21)
System.Runtime.CompilerServices.RuntimeHelpers:RunClassConstructor (System.RuntimeTypeHandle)
UnityEditor.EditorAssemblies:ProcessInitializeOnLoadAttributes (System.Type[])

[Library/PackageCache/com.unity.probuilder@5.0.3/Editor/EditorCore/EditorUtility.cs line 575]

Invoked RoslynAnalysisRunner static constructor.
RoslynAnalysisRunner will not be running.
RoslynAnalysisRunner has terminated.
Mono: successfully reloaded assembly
- Completed reload, in  1.192 seconds
Platform modules already initialized, skipping
Refreshing native plugins compatible for Editor in 0.40 ms, found 0 plugins.
Preloading 0 native plugins for Editor in 0.00 ms.
Unloading 1839 Unused Serialized files (Serialized files now loaded: 0)
System memory in use before: 104.9 MB.
System memory in use after: 104.9 MB.

Unloading 7 unused Assets to reduce memory usage. Loaded Objects now: 2327.
Total: 5.260400 ms (FindLiveObjects: 2.005100 ms CreateObjectMapping: 0.215300 ms MarkObjects: 2.922000 ms  DeleteObjects: 0.116800 ms)

========================================================================
Received Prepare
Registering precompiled user dll's ...
Registered in 0.001820 seconds.
Begin MonoManager ReloadAssembly
Native extension for WindowsStandalone target not found
Refreshing native plugins compatible for Editor in 0.32 ms, found 0 plugins.
Preloading 0 native plugins for Editor in 0.00 ms.
Warning: Annotation not found!
UnityEngine.StackTraceUtility:ExtractStackTrace ()
UnityEditor.ProBuilder.EditorUtility:SetGizmoIconEnabled (System.Type,bool) (at Library/PackageCache/com.unity.probuilder@5.0.3/Editor/EditorCore/EditorUtility.cs:575)
UnityEditor.ProBuilder.HierarchyListener:.cctor () (at Library/PackageCache/com.unity.probuilder@5.0.3/Editor/EditorCore/HierarchyListener.cs:21)
System.Runtime.CompilerServices.RuntimeHelpers:RunClassConstructor (System.RuntimeTypeHandle)
UnityEditor.EditorAssemblies:ProcessInitializeOnLoadAttributes (System.Type[])

[Library/PackageCache/com.unity.probuilder@5.0.3/Editor/EditorCore/EditorUtility.cs line 575]

Invoked RoslynAnalysisRunner static constructor.
RoslynAnalysisRunner will not be running.
RoslynAnalysisRunner has terminated.
Mono: successfully reloaded assembly
- Completed reload, in  1.263 seconds
Platform modules already initialized, skipping
Refreshing native plugins compatible for Editor in 0.42 ms, found 0 plugins.
Preloading 0 native plugins for Editor in 0.00 ms.
Unloading 1839 Unused Serialized files (Serialized files now loaded: 0)
System memory in use before: 105.2 MB.
System memory in use after: 105.3 MB.

Unloading 7 unused Assets to reduce memory usage. Loaded Objects now: 2329.
Total: 3.543200 ms (FindLiveObjects: 0.193100 ms CreateObjectMapping: 0.078700 ms MarkObjects: 3.172700 ms  DeleteObjects: 0.097100 ms)

========================================================================
Received Import Request.
  Time since last request: 89.674875 seconds.
  path: Assets/DungeonCharacters/Skeletons_demo/models/Dodge Rigth.fbx
  artifactKey: Guid(1ab446af76eaa1e4a817a6944aa0deeb) Importer(815301076,1909f56bfc062723c751e8b465ee728b)
Start importing Assets/DungeonCharacters/Skeletons_demo/models/Dodge Rigth.fbx using Guid(1ab446af76eaa1e4a817a6944aa0deeb) Importer(815301076,1909f56bfc062723c751e8b465ee728b)  -> (artifact id: '3c381c776a609fedee3e881e76464353') in 0.030607 seconds
  Import took 0.039280 seconds .

========================================================================
Received Import Request.
  Time since last request: 0.027492 seconds.
  path: Assets/DungeonCharacters/Skeletons_demo/models/Dodge Rigth.fbx
  artifactKey: Guid(1ab446af76eaa1e4a817a6944aa0deeb) Importer(815301076,1909f56bfc062723c751e8b465ee728b)
Start importing Assets/DungeonCharacters/Skeletons_demo/models/Dodge Rigth.fbx using Guid(1ab446af76eaa1e4a817a6944aa0deeb) Importer(815301076,1909f56bfc062723c751e8b465ee728b)  -> (artifact id: '3c381c776a609fedee3e881e76464353') in 0.009026 seconds
  Import took 0.012464 seconds .

========================================================================
Received Prepare
Registering precompiled user dll's ...
Registered in 0.002496 seconds.
Begin MonoManager ReloadAssembly
Native extension for WindowsStandalone target not found
Refreshing native plugins compatible for Editor in 0.61 ms, found 0 plugins.
Preloading 0 native plugins for Editor in 0.00 ms.
Warning: Annotation not found!
UnityEngine.StackTraceUtility:ExtractStackTrace ()
UnityEditor.ProBuilder.EditorUtility:SetGizmoIconEnabled (System.Type,bool) (at Library/PackageCache/com.unity.probuilder@5.0.3/Editor/EditorCore/EditorUtility.cs:575)
UnityEditor.ProBuilder.HierarchyListener:.cctor () (at Library/PackageCache/com.unity.probuilder@5.0.3/Editor/EditorCore/HierarchyListener.cs:21)
System.Runtime.CompilerServices.RuntimeHelpers:RunClassConstructor (System.RuntimeTypeHandle)
UnityEditor.EditorAssemblies:ProcessInitializeOnLoadAttributes (System.Type[])

[Library/PackageCache/com.unity.probuilder@5.0.3/Editor/EditorCore/EditorUtility.cs line 575]

Invoked RoslynAnalysisRunner static constructor.
RoslynAnalysisRunner will not be running.
RoslynAnalysisRunner has terminated.
Mono: successfully reloaded assembly
- Completed reload, in  1.163 seconds
Platform modules already initialized, skipping
Refreshing native plugins compatible for Editor in 0.34 ms, found 0 plugins.
Preloading 0 native plugins for Editor in 0.00 ms.
Unloading 1839 Unused Serialized files (Serialized files now loaded: 0)
System memory in use before: 105.4 MB.
System memory in use after: 105.5 MB.

Unloading 7 unused Assets to reduce memory usage. Loaded Objects now: 2331.
Total: 2.153000 ms (FindLiveObjects: 0.174800 ms CreateObjectMapping: 0.068600 ms MarkObjects: 1.814700 ms  DeleteObjects: 0.093300 ms)

========================================================================
Received Prepare
Registering precompiled user dll's ...
Registered in 0.001525 seconds.
Begin MonoManager ReloadAssembly
Native extension for WindowsStandalone target not found
Refreshing native plugins compatible for Editor in 0.29 ms, found 0 plugins.
Preloading 0 native plugins for Editor in 0.00 ms.
Warning: Annotation not found!
UnityEngine.StackTraceUtility:ExtractStackTrace ()
UnityEditor.ProBuilder.EditorUtility:SetGizmoIconEnabled (System.Type,bool) (at Library/PackageCache/com.unity.probuilder@5.0.3/Editor/EditorCore/EditorUtility.cs:575)
UnityEditor.ProBuilder.HierarchyListener:.cctor () (at Library/PackageCache/com.unity.probuilder@5.0.3/Editor/EditorCore/HierarchyListener.cs:21)
System.Runtime.CompilerServices.RuntimeHelpers:RunClassConstructor (System.RuntimeTypeHandle)
UnityEditor.EditorAssemblies:ProcessInitializeOnLoadAttributes (System.Type[])

[Library/PackageCache/com.unity.probuilder@5.0.3/Editor/EditorCore/EditorUtility.cs line 575]

Invoked RoslynAnalysisRunner static constructor.
RoslynAnalysisRunner will not be running.
RoslynAnalysisRunner has terminated.
Mono: successfully reloaded assembly
- Completed reload, in  1.065 seconds
Platform modules already initialized, skipping
Refreshing native plugins compatible for Editor in 0.30 ms, found 0 plugins.
Preloading 0 native plugins for Editor in 0.00 ms.
Unloading 1839 Unused Serialized files (Serialized files now loaded: 0)
System memory in use before: 105.0 MB.
System memory in use after: 105.0 MB.

Unloading 7 unused Assets to reduce memory usage. Loaded Objects now: 2333.
Total: 2.286700 ms (FindLiveObjects: 0.203100 ms CreateObjectMapping: 0.075200 ms MarkObjects: 1.919500 ms  DeleteObjects: 0.087500 ms)

========================================================================
Received Import Request.
  Time since last request: 109.511630 seconds.
  path: Assets/DungeonCharacters/Skeletons_demo/models/Dodge Rigth.fbx
  artifactKey: Guid(1ab446af76eaa1e4a817a6944aa0deeb) Importer(815301076,1909f56bfc062723c751e8b465ee728b)
Start importing Assets/DungeonCharacters/Skeletons_demo/models/Dodge Rigth.fbx using Guid(1ab446af76eaa1e4a817a6944aa0deeb) Importer(815301076,1909f56bfc062723c751e8b465ee728b)  -> (artifact id: 'be211bf12f92d38635fabb1d867c7b68') in 0.031517 seconds
  Import took 0.036709 seconds .

========================================================================
Received Prepare
Registering precompiled user dll's ...
Registered in 0.001569 seconds.
Begin MonoManager ReloadAssembly
Native extension for WindowsStandalone target not found
Refreshing native plugins compatible for Editor in 0.59 ms, found 0 plugins.
Preloading 0 native plugins for Editor in 0.00 ms.
Warning: Annotation not found!
UnityEngine.StackTraceUtility:ExtractStackTrace ()
UnityEditor.ProBuilder.EditorUtility:SetGizmoIconEnabled (System.Type,bool) (at Library/PackageCache/com.unity.probuilder@5.0.3/Editor/EditorCore/EditorUtility.cs:575)
UnityEditor.ProBuilder.HierarchyListener:.cctor () (at Library/PackageCache/com.unity.probuilder@5.0.3/Editor/EditorCore/HierarchyListener.cs:21)
System.Runtime.CompilerServices.RuntimeHelpers:RunClassConstructor (System.RuntimeTypeHandle)
UnityEditor.EditorAssemblies:ProcessInitializeOnLoadAttributes (System.Type[])

[Library/PackageCache/com.unity.probuilder@5.0.3/Editor/EditorCore/EditorUtility.cs line 575]

Invoked RoslynAnalysisRunner static constructor.
RoslynAnalysisRunner will not be running.
RoslynAnalysisRunner has terminated.
Mono: successfully reloaded assembly
- Completed reload, in  1.045 seconds
Platform modules already initialized, skipping
Refreshing native plugins compatible for Editor in 0.32 ms, found 0 plugins.
Preloading 0 native plugins for Editor in 0.00 ms.
Unloading 1839 Unused Serialized files (Serialized files now loaded: 0)
System memory in use before: 105.3 MB.
System memory in use after: 105.4 MB.

Unloading 7 unused Assets to reduce memory usage. Loaded Objects now: 2335.
Total: 2.941900 ms (FindLiveObjects: 0.267800 ms CreateObjectMapping: 0.113400 ms MarkObjects: 2.435400 ms  DeleteObjects: 0.124300 ms)

========================================================================
Received Import Request.
  Time since last request: 112.225519 seconds.
  path: Assets/DungeonCharacters/Skeletons_demo/animation/DS_onehand_idle_A.FBX
  artifactKey: Guid(f15c07c4bb03eeb48a7d2f8bfc519969) Importer(815301076,1909f56bfc062723c751e8b465ee728b)
Start importing Assets/DungeonCharacters/Skeletons_demo/animation/DS_onehand_idle_A.FBX using Guid(f15c07c4bb03eeb48a7d2f8bfc519969) Importer(815301076,1909f56bfc062723c751e8b465ee728b)  -> (artifact id: '3b840ddf05a4cbecc2b2beaabbff8fc2') in 0.022718 seconds
  Import took 0.025967 seconds .

========================================================================
Received Prepare
Registering precompiled user dll's ...
Registered in 0.001422 seconds.
Begin MonoManager ReloadAssembly
Native extension for WindowsStandalone target not found
Refreshing native plugins compatible for Editor in 0.31 ms, found 0 plugins.
Preloading 0 native plugins for Editor in 0.00 ms.
Warning: Annotation not found!
UnityEngine.StackTraceUtility:ExtractStackTrace ()
UnityEditor.ProBuilder.EditorUtility:SetGizmoIconEnabled (System.Type,bool) (at Library/PackageCache/com.unity.probuilder@5.0.3/Editor/EditorCore/EditorUtility.cs:575)
UnityEditor.ProBuilder.HierarchyListener:.cctor () (at Library/PackageCache/com.unity.probuilder@5.0.3/Editor/EditorCore/HierarchyListener.cs:21)
System.Runtime.CompilerServices.RuntimeHelpers:RunClassConstructor (System.RuntimeTypeHandle)
UnityEditor.EditorAssemblies:ProcessInitializeOnLoadAttributes (System.Type[])

[Library/PackageCache/com.unity.probuilder@5.0.3/Editor/EditorCore/EditorUtility.cs line 575]

Invoked RoslynAnalysisRunner static constructor.
RoslynAnalysisRunner will not be running.
RoslynAnalysisRunner has terminated.
Mono: successfully reloaded assembly
- Completed reload, in  1.030 seconds
Platform modules already initialized, skipping
Refreshing native plugins compatible for Editor in 0.67 ms, found 0 plugins.
Preloading 0 native plugins for Editor in 0.00 ms.
Unloading 1839 Unused Serialized files (Serialized files now loaded: 0)
System memory in use before: 105.5 MB.
System memory in use after: 105.5 MB.

Unloading 7 unused Assets to reduce memory usage. Loaded Objects now: 2337.
Total: 2.788900 ms (FindLiveObjects: 0.250000 ms CreateObjectMapping: 0.082400 ms MarkObjects: 2.326100 ms  DeleteObjects: 0.129500 ms)

========================================================================
Received Import Request.
  Time since last request: 328.733307 seconds.
  path: Assets/DungeonCharacters/Skeletons_demo/animation/Dodge Left.fbx
  artifactKey: Guid(c478fd48dff3ed44bbaf94031a193da3) Importer(815301076,1909f56bfc062723c751e8b465ee728b)
Start importing Assets/DungeonCharacters/Skeletons_demo/animation/Dodge Left.fbx using Guid(c478fd48dff3ed44bbaf94031a193da3) Importer(815301076,1909f56bfc062723c751e8b465ee728b)  -> (artifact id: '8e76b705d68188c3df592157c43feb0e') in 0.028711 seconds
  Import took 0.033395 seconds .

========================================================================
Received Import Request.
  Time since last request: 0.000401 seconds.
  path: Assets/DungeonCharacters/Skeletons_demo/animation/Rigth Strafe.fbx
  artifactKey: Guid(1a9f7f139521d2d4988dfa81517b9fd1) Importer(815301076,1909f56bfc062723c751e8b465ee728b)
Start importing Assets/DungeonCharacters/Skeletons_demo/animation/Rigth Strafe.fbx using Guid(1a9f7f139521d2d4988dfa81517b9fd1) Importer(815301076,1909f56bfc062723c751e8b465ee728b)  -> (artifact id: 'eca0e93821c43980cfb4579dea5da81c') in 0.008068 seconds
  Import took 0.011139 seconds .

========================================================================
Received Import Request.
  Time since last request: 0.000381 seconds.
  path: Assets/DungeonCharacters/Skeletons_demo/animation/Jump Attack.fbx
  artifactKey: Guid(b9ef057ef5a356f4783ecb6739e1c783) Importer(815301076,1909f56bfc062723c751e8b465ee728b)
Start importing Assets/DungeonCharacters/Skeletons_demo/animation/Jump Attack.fbx using Guid(b9ef057ef5a356f4783ecb6739e1c783) Importer(815301076,1909f56bfc062723c751e8b465ee728b)  -> (artifact id: 'cf8209cac0fdd4ced8e1d925c20ecffd') in 0.009285 seconds
  Import took 0.012007 seconds .

========================================================================
Received Import Request.
  Time since last request: 0.000352 seconds.
  path: Assets/DungeonCharacters/Skeletons_demo/animation/Left Strafe.fbx
  artifactKey: Guid(a2c02278e2e48ce40baf362d02b3c6c5) Importer(815301076,1909f56bfc062723c751e8b465ee728b)
Start importing Assets/DungeonCharacters/Skeletons_demo/animation/Left Strafe.fbx using Guid(a2c02278e2e48ce40baf362d02b3c6c5) Importer(815301076,1909f56bfc062723c751e8b465ee728b)  -> (artifact id: '0230d08042353c89b253c2198f58f186') in 0.009713 seconds
  Import took 0.012799 seconds .

========================================================================
Received Import Request.
  Time since last request: 0.020794 seconds.
  path: Assets/DungeonCharacters/Skeletons_demo/animation/Dodge Left.fbx
  artifactKey: Guid(c478fd48dff3ed44bbaf94031a193da3) Importer(815301076,1909f56bfc062723c751e8b465ee728b)
Start importing Assets/DungeonCharacters/Skeletons_demo/animation/Dodge Left.fbx using Guid(c478fd48dff3ed44bbaf94031a193da3) Importer(815301076,1909f56bfc062723c751e8b465ee728b)  -> (artifact id: '8e76b705d68188c3df592157c43feb0e') in 0.007099 seconds
  Import took 0.011053 seconds .

========================================================================
Received Import Request.
  Time since last request: 25.526944 seconds.
  path: Assets/DungeonCharacters/Skeletons_demo/animation/DS_onehand_attack_A.FBX
  artifactKey: Guid(68e3a50f30bb0c54e8ca5cfae6eea48d) Importer(815301076,1909f56bfc062723c751e8b465ee728b)
Start importing Assets/DungeonCharacters/Skeletons_demo/animation/DS_onehand_attack_A.FBX using Guid(68e3a50f30bb0c54e8ca5cfae6eea48d) Importer(815301076,1909f56bfc062723c751e8b465ee728b)  -> (artifact id: 'd6e245afd770f800ffb738a0f2378e58') in 0.013805 seconds
  Import took 0.019559 seconds .

========================================================================
Received Import Request.
  Time since last request: 0.001287 seconds.
  path: Assets/DungeonCharacters/Skeletons_demo/animation/DS_onehand_idle_A.FBX
  artifactKey: Guid(f15c07c4bb03eeb48a7d2f8bfc519969) Importer(815301076,1909f56bfc062723c751e8b465ee728b)
Start importing Assets/DungeonCharacters/Skeletons_demo/animation/DS_onehand_idle_A.FBX using Guid(f15c07c4bb03eeb48a7d2f8bfc519969) Importer(815301076,1909f56bfc062723c751e8b465ee728b)  -> (artifact id: '2446989e3adedc7ef2e07ecd79c787f7') in 0.008892 seconds
  Import took 0.014363 seconds .

========================================================================
Received Import Request.
  Time since last request: 0.000378 seconds.
  path: Assets/DungeonCharacters/Skeletons_demo/animation/Dodge Left.fbx
  artifactKey: Guid(c478fd48dff3ed44bbaf94031a193da3) Importer(815301076,1909f56bfc062723c751e8b465ee728b)
Start importing Assets/DungeonCharacters/Skeletons_demo/animation/Dodge Left.fbx using Guid(c478fd48dff3ed44bbaf94031a193da3) Importer(815301076,1909f56bfc062723c751e8b465ee728b)  -> (artifact id: '1ecc5e11a0b3f2fbb8518cd606294a50') in 0.012645 seconds
  Import took 0.016458 seconds .

========================================================================
Received Import Request.
  Time since last request: 0.000259 seconds.
  path: Assets/DungeonCharacters/Skeletons_demo/animation/Rigth Strafe.fbx
  artifactKey: Guid(1a9f7f139521d2d4988dfa81517b9fd1) Importer(815301076,1909f56bfc062723c751e8b465ee728b)
Start importing Assets/DungeonCharacters/Skeletons_demo/animation/Rigth Strafe.fbx using Guid(1a9f7f139521d2d4988dfa81517b9fd1) Importer(815301076,1909f56bfc062723c751e8b465ee728b)  -> (artifact id: '56238c6a55764ff1785cbcb29276a687') in 0.010831 seconds
  Import took 0.015953 seconds .

========================================================================
Received Import Request.
  Time since last request: 0.000319 seconds.
  path: Assets/DungeonCharacters/Skeletons_demo/animation/Jump Attack.fbx
  artifactKey: Guid(b9ef057ef5a356f4783ecb6739e1c783) Importer(815301076,1909f56bfc062723c751e8b465ee728b)
Start importing Assets/DungeonCharacters/Skeletons_demo/animation/Jump Attack.fbx using Guid(b9ef057ef5a356f4783ecb6739e1c783) Importer(815301076,1909f56bfc062723c751e8b465ee728b)  -> (artifact id: 'f2bc199c28f72ef874632f5e782e78ed') in 0.010804 seconds
  Import took 0.014780 seconds .

========================================================================
Received Import Request.
  Time since last request: 0.000255 seconds.
  path: Assets/DungeonCharacters/Skeletons_demo/animation/DS_onehand_walk.FBX
  artifactKey: Guid(272e84c6ff8fea340b19da71308f0475) Importer(815301076,1909f56bfc062723c751e8b465ee728b)
Start importing Assets/DungeonCharacters/Skeletons_demo/animation/DS_onehand_walk.FBX using Guid(272e84c6ff8fea340b19da71308f0475) Importer(815301076,1909f56bfc062723c751e8b465ee728b)  -> (artifact id: 'db469fe87a9f9222bd86eca7e5b4a697') in 0.024023 seconds
  Import took 0.027955 seconds .

========================================================================
Received Import Request.
  Time since last request: 0.000266 seconds.
  path: Assets/DungeonCharacters/Skeletons_demo/animation/Left Strafe.fbx
  artifactKey: Guid(a2c02278e2e48ce40baf362d02b3c6c5) Importer(815301076,1909f56bfc062723c751e8b465ee728b)
Start importing Assets/DungeonCharacters/Skeletons_demo/animation/Left Strafe.fbx using Guid(a2c02278e2e48ce40baf362d02b3c6c5) Importer(815301076,1909f56bfc062723c751e8b465ee728b)  -> (artifact id: 'c88c49b5b6119eb4d970c3d6e7c517a9') in 0.009177 seconds
  Import took 0.012489 seconds .

========================================================================
Received Import Request.
  Time since last request: 0.000211 seconds.
  path: Assets/DungeonCharacters/Skeletons_demo/animation/DS_onehand_attack_A.FBX
  artifactKey: Guid(68e3a50f30bb0c54e8ca5cfae6eea48d) Importer(815301076,1909f56bfc062723c751e8b465ee728b)
Start importing Assets/DungeonCharacters/Skeletons_demo/animation/DS_onehand_attack_A.FBX using Guid(68e3a50f30bb0c54e8ca5cfae6eea48d) Importer(815301076,1909f56bfc062723c751e8b465ee728b)  -> (artifact id: 'd6e245afd770f800ffb738a0f2378e58') in 0.007072 seconds
  Import took 0.011004 seconds .

========================================================================
Received Import Request.
  Time since last request: 67.094800 seconds.
  path: Assets/DungeonCharacters/Skeletons_demo/animation/Dodge Left.fbx
  artifactKey: Guid(c478fd48dff3ed44bbaf94031a193da3) Importer(815301076,1909f56bfc062723c751e8b465ee728b)
Start importing Assets/DungeonCharacters/Skeletons_demo/animation/Dodge Left.fbx using Guid(c478fd48dff3ed44bbaf94031a193da3) Importer(815301076,1909f56bfc062723c751e8b465ee728b)  -> (artifact id: '3b78d211bcaa42fe3a714e0c3c4fb579') in 0.014680 seconds
  Import took 0.018586 seconds .

========================================================================
Received Import Request.
  Time since last request: 42.716772 seconds.
  path: Assets/DungeonCharacters/Skeletons_demo/animation/Jump Attack.fbx
  artifactKey: Guid(b9ef057ef5a356f4783ecb6739e1c783) Importer(815301076,1909f56bfc062723c751e8b465ee728b)
Start importing Assets/DungeonCharacters/Skeletons_demo/animation/Jump Attack.fbx using Guid(b9ef057ef5a356f4783ecb6739e1c783) Importer(815301076,1909f56bfc062723c751e8b465ee728b)  -> (artifact id: '9fd9626442e16a82dd8c8244ed7b820a') in 0.012482 seconds
  Import took 0.018584 seconds .

========================================================================
Received Import Request.
  Time since last request: 21.667796 seconds.
  path: Assets/DungeonCharacters/Skeletons_demo/animation/Left Strafe.fbx
  artifactKey: Guid(a2c02278e2e48ce40baf362d02b3c6c5) Importer(815301076,1909f56bfc062723c751e8b465ee728b)
Start importing Assets/DungeonCharacters/Skeletons_demo/animation/Left Strafe.fbx using Guid(a2c02278e2e48ce40baf362d02b3c6c5) Importer(815301076,1909f56bfc062723c751e8b465ee728b)  -> (artifact id: 'b397535e395b6387f200144076806f6e') in 0.012451 seconds
  Import took 0.017764 seconds .

========================================================================
Received Import Request.
  Time since last request: 13.812946 seconds.
  path: Assets/DungeonCharacters/Skeletons_demo/animation/Rigth Strafe.fbx
  artifactKey: Guid(1a9f7f139521d2d4988dfa81517b9fd1) Importer(815301076,1909f56bfc062723c751e8b465ee728b)
Start importing Assets/DungeonCharacters/Skeletons_demo/animation/Rigth Strafe.fbx using Guid(1a9f7f139521d2d4988dfa81517b9fd1) Importer(815301076,1909f56bfc062723c751e8b465ee728b)  -> (artifact id: '856706dfecbfaeba2d0fe7c1de48bbc4') in 0.012332 seconds
  Import took 0.017604 seconds .

========================================================================
Received Prepare
Registering precompiled user dll's ...
Registered in 0.001505 seconds.
Begin MonoManager ReloadAssembly
Native extension for WindowsStandalone target not found
Refreshing native plugins compatible for Editor in 0.30 ms, found 0 plugins.
Preloading 0 native plugins for Editor in 0.00 ms.
Warning: Annotation not found!
UnityEngine.StackTraceUtility:ExtractStackTrace ()
UnityEditor.ProBuilder.EditorUtility:SetGizmoIconEnabled (System.Type,bool) (at Library/PackageCache/com.unity.probuilder@5.0.3/Editor/EditorCore/EditorUtility.cs:575)
UnityEditor.ProBuilder.HierarchyListener:.cctor () (at Library/PackageCache/com.unity.probuilder@5.0.3/Editor/EditorCore/HierarchyListener.cs:21)
System.Runtime.CompilerServices.RuntimeHelpers:RunClassConstructor (System.RuntimeTypeHandle)
UnityEditor.EditorAssemblies:ProcessInitializeOnLoadAttributes (System.Type[])

[Library/PackageCache/com.unity.probuilder@5.0.3/Editor/EditorCore/EditorUtility.cs line 575]

Invoked RoslynAnalysisRunner static constructor.
RoslynAnalysisRunner will not be running.
RoslynAnalysisRunner has terminated.
Mono: successfully reloaded assembly
- Completed reload, in  1.032 seconds
Platform modules already initialized, skipping
Refreshing native plugins compatible for Editor in 0.31 ms, found 0 plugins.
Preloading 0 native plugins for Editor in 0.00 ms.
Unloading 1839 Unused Serialized files (Serialized files now loaded: 0)
System memory in use before: 105.1 MB.
System memory in use after: 105.1 MB.

Unloading 7 unused Assets to reduce memory usage. Loaded Objects now: 2339.
Total: 2.693800 ms (FindLiveObjects: 0.179700 ms CreateObjectMapping: 0.089100 ms MarkObjects: 2.292700 ms  DeleteObjects: 0.130800 ms)

========================================================================
Received Prepare
Registering precompiled user dll's ...
Registered in 0.001664 seconds.
Begin MonoManager ReloadAssembly
Native extension for WindowsStandalone target not found
Refreshing native plugins compatible for Editor in 0.35 ms, found 0 plugins.
Preloading 0 native plugins for Editor in 0.00 ms.
Warning: Annotation not found!
UnityEngine.StackTraceUtility:ExtractStackTrace ()
UnityEditor.ProBuilder.EditorUtility:SetGizmoIconEnabled (System.Type,bool) (at Library/PackageCache/com.unity.probuilder@5.0.3/Editor/EditorCore/EditorUtility.cs:575)
UnityEditor.ProBuilder.HierarchyListener:.cctor () (at Library/PackageCache/com.unity.probuilder@5.0.3/Editor/EditorCore/HierarchyListener.cs:21)
System.Runtime.CompilerServices.RuntimeHelpers:RunClassConstructor (System.RuntimeTypeHandle)
UnityEditor.EditorAssemblies:ProcessInitializeOnLoadAttributes (System.Type[])

[Library/PackageCache/com.unity.probuilder@5.0.3/Editor/EditorCore/EditorUtility.cs line 575]

Invoked RoslynAnalysisRunner static constructor.
RoslynAnalysisRunner will not be running.
RoslynAnalysisRunner has terminated.
Mono: successfully reloaded assembly
- Completed reload, in  1.104 seconds
Platform modules already initialized, skipping
Refreshing native plugins compatible for Editor in 0.32 ms, found 0 plugins.
Preloading 0 native plugins for Editor in 0.00 ms.
Unloading 1839 Unused Serialized files (Serialized files now loaded: 0)
System memory in use before: 105.4 MB.
System memory in use after: 105.5 MB.

Unloading 7 unused Assets to reduce memory usage. Loaded Objects now: 2341.
Total: 4.557900 ms (FindLiveObjects: 1.458800 ms CreateObjectMapping: 0.190800 ms MarkObjects: 2.759000 ms  DeleteObjects: 0.148100 ms)

========================================================================
Received Prepare
Registering precompiled user dll's ...
Registered in 0.001602 seconds.
Begin MonoManager ReloadAssembly
Native extension for WindowsStandalone target not found
Refreshing native plugins compatible for Editor in 0.37 ms, found 0 plugins.
Preloading 0 native plugins for Editor in 0.00 ms.
Warning: Annotation not found!
UnityEngine.StackTraceUtility:ExtractStackTrace ()
UnityEditor.ProBuilder.EditorUtility:SetGizmoIconEnabled (System.Type,bool) (at Library/PackageCache/com.unity.probuilder@5.0.3/Editor/EditorCore/EditorUtility.cs:575)
UnityEditor.ProBuilder.HierarchyListener:.cctor () (at Library/PackageCache/com.unity.probuilder@5.0.3/Editor/EditorCore/HierarchyListener.cs:21)
System.Runtime.CompilerServices.RuntimeHelpers:RunClassConstructor (System.RuntimeTypeHandle)
UnityEditor.EditorAssemblies:ProcessInitializeOnLoadAttributes (System.Type[])

[Library/PackageCache/com.unity.probuilder@5.0.3/Editor/EditorCore/EditorUtility.cs line 575]

Invoked RoslynAnalysisRunner static constructor.
RoslynAnalysisRunner will not be running.
RoslynAnalysisRunner has terminated.
Mono: successfully reloaded assembly
- Completed reload, in  1.260 seconds
Platform modules already initialized, skipping
Refreshing native plugins compatible for Editor in 0.41 ms, found 0 plugins.
Preloading 0 native plugins for Editor in 0.00 ms.
Unloading 1839 Unused Serialized files (Serialized files now loaded: 0)
System memory in use before: 105.5 MB.
System memory in use after: 105.5 MB.

Unloading 7 unused Assets to reduce memory usage. Loaded Objects now: 2343.
Total: 2.977500 ms (FindLiveObjects: 0.182300 ms CreateObjectMapping: 0.076000 ms MarkObjects: 2.629700 ms  DeleteObjects: 0.088000 ms)

========================================================================
Received Prepare
Registering precompiled user dll's ...
Registered in 0.002864 seconds.
Begin MonoManager ReloadAssembly
Native extension for WindowsStandalone target not found
Refreshing native plugins compatible for Editor in 0.38 ms, found 0 plugins.
Preloading 0 native plugins for Editor in 0.00 ms.
Warning: Annotation not found!
UnityEngine.StackTraceUtility:ExtractStackTrace ()
UnityEditor.ProBuilder.EditorUtility:SetGizmoIconEnabled (System.Type,bool) (at Library/PackageCache/com.unity.probuilder@5.0.3/Editor/EditorCore/EditorUtility.cs:575)
UnityEditor.ProBuilder.HierarchyListener:.cctor () (at Library/PackageCache/com.unity.probuilder@5.0.3/Editor/EditorCore/HierarchyListener.cs:21)
System.Runtime.CompilerServices.RuntimeHelpers:RunClassConstructor (System.RuntimeTypeHandle)
UnityEditor.EditorAssemblies:ProcessInitializeOnLoadAttributes (System.Type[])

[Library/PackageCache/com.unity.probuilder@5.0.3/Editor/EditorCore/EditorUtility.cs line 575]

Invoked RoslynAnalysisRunner static constructor.
RoslynAnalysisRunner will not be running.
RoslynAnalysisRunner has terminated.
Mono: successfully reloaded assembly
- Completed reload, in  1.001 seconds
Platform modules already initialized, skipping
Refreshing native plugins compatible for Editor in 0.34 ms, found 0 plugins.
Preloading 0 native plugins for Editor in 0.00 ms.
Unloading 1839 Unused Serialized files (Serialized files now loaded: 0)
System memory in use before: 105.2 MB.
System memory in use after: 105.2 MB.

Unloading 7 unused Assets to reduce memory usage. Loaded Objects now: 2345.
Total: 4.115600 ms (FindLiveObjects: 0.281900 ms CreateObjectMapping: 0.106300 ms MarkObjects: 3.594800 ms  DeleteObjects: 0.131200 ms)

========================================================================
Received Prepare
Registering precompiled user dll's ...
Registered in 0.001933 seconds.
Begin MonoManager ReloadAssembly
Native extension for WindowsStandalone target not found
Refreshing native plugins compatible for Editor in 0.29 ms, found 0 plugins.
Preloading 0 native plugins for Editor in 0.00 ms.
Warning: Annotation not found!
UnityEngine.StackTraceUtility:ExtractStackTrace ()
UnityEditor.ProBuilder.EditorUtility:SetGizmoIconEnabled (System.Type,bool) (at Library/PackageCache/com.unity.probuilder@5.0.3/Editor/EditorCore/EditorUtility.cs:575)
UnityEditor.ProBuilder.HierarchyListener:.cctor () (at Library/PackageCache/com.unity.probuilder@5.0.3/Editor/EditorCore/HierarchyListener.cs:21)
System.Runtime.CompilerServices.RuntimeHelpers:RunClassConstructor (System.RuntimeTypeHandle)
UnityEditor.EditorAssemblies:ProcessInitializeOnLoadAttributes (System.Type[])

[Library/PackageCache/com.unity.probuilder@5.0.3/Editor/EditorCore/EditorUtility.cs line 575]

Invoked RoslynAnalysisRunner static constructor.
RoslynAnalysisRunner will not be running.
RoslynAnalysisRunner has terminated.
Mono: successfully reloaded assembly
- Completed reload, in  1.045 seconds
Platform modules already initialized, skipping
Refreshing native plugins compatible for Editor in 0.34 ms, found 0 plugins.
Preloading 0 native plugins for Editor in 0.00 ms.
Unloading 1839 Unused Serialized files (Serialized files now loaded: 0)
System memory in use before: 105.5 MB.
System memory in use after: 105.5 MB.

Unloading 7 unused Assets to reduce memory usage. Loaded Objects now: 2347.
Total: 2.877700 ms (FindLiveObjects: 0.205600 ms CreateObjectMapping: 0.091900 ms MarkObjects: 2.494800 ms  DeleteObjects: 0.084000 ms)

========================================================================
Received Prepare
Registering precompiled user dll's ...
Registered in 0.001441 seconds.
Begin MonoManager ReloadAssembly
Native extension for WindowsStandalone target not found
Refreshing native plugins compatible for Editor in 0.33 ms, found 0 plugins.
Preloading 0 native plugins for Editor in 0.00 ms.
Warning: Annotation not found!
UnityEngine.StackTraceUtility:ExtractStackTrace ()
UnityEditor.ProBuilder.EditorUtility:SetGizmoIconEnabled (System.Type,bool) (at Library/PackageCache/com.unity.probuilder@5.0.3/Editor/EditorCore/EditorUtility.cs:575)
UnityEditor.ProBuilder.HierarchyListener:.cctor () (at Library/PackageCache/com.unity.probuilder@5.0.3/Editor/EditorCore/HierarchyListener.cs:21)
System.Runtime.CompilerServices.RuntimeHelpers:RunClassConstructor (System.RuntimeTypeHandle)
UnityEditor.EditorAssemblies:ProcessInitializeOnLoadAttributes (System.Type[])

[Library/PackageCache/com.unity.probuilder@5.0.3/Editor/EditorCore/EditorUtility.cs line 575]

Invoked RoslynAnalysisRunner static constructor.
RoslynAnalysisRunner will not be running.
RoslynAnalysisRunner has terminated.
Mono: successfully reloaded assembly
- Completed reload, in  1.217 seconds
Platform modules already initialized, skipping
Refreshing native plugins compatible for Editor in 0.38 ms, found 0 plugins.
Preloading 0 native plugins for Editor in 0.00 ms.
Unloading 1839 Unused Serialized files (Serialized files now loaded: 0)
System memory in use before: 104.9 MB.
System memory in use after: 105.0 MB.

Unloading 7 unused Assets to reduce memory usage. Loaded Objects now: 2349.
Total: 3.613400 ms (FindLiveObjects: 0.265600 ms CreateObjectMapping: 0.131000 ms MarkObjects: 3.107800 ms  DeleteObjects: 0.108000 ms)

========================================================================
Received Prepare
Registering precompiled user dll's ...
Registered in 0.001470 seconds.
Begin MonoManager ReloadAssembly
Native extension for WindowsStandalone target not found
Refreshing native plugins compatible for Editor in 0.29 ms, found 0 plugins.
Preloading 0 native plugins for Editor in 0.00 ms.
Warning: Annotation not found!
UnityEngine.StackTraceUtility:ExtractStackTrace ()
UnityEditor.ProBuilder.EditorUtility:SetGizmoIconEnabled (System.Type,bool) (at Library/PackageCache/com.unity.probuilder@5.0.3/Editor/EditorCore/EditorUtility.cs:575)
UnityEditor.ProBuilder.HierarchyListener:.cctor () (at Library/PackageCache/com.unity.probuilder@5.0.3/Editor/EditorCore/HierarchyListener.cs:21)
System.Runtime.CompilerServices.RuntimeHelpers:RunClassConstructor (System.RuntimeTypeHandle)
UnityEditor.EditorAssemblies:ProcessInitializeOnLoadAttributes (System.Type[])

[Library/PackageCache/com.unity.probuilder@5.0.3/Editor/EditorCore/EditorUtility.cs line 575]

Invoked RoslynAnalysisRunner static constructor.
RoslynAnalysisRunner will not be running.
RoslynAnalysisRunner has terminated.
Mono: successfully reloaded assembly
- Completed reload, in  1.016 seconds
Platform modules already initialized, skipping
Refreshing native plugins compatible for Editor in 0.34 ms, found 0 plugins.
Preloading 0 native plugins for Editor in 0.00 ms.
Unloading 1839 Unused Serialized files (Serialized files now loaded: 0)
System memory in use before: 105.3 MB.
System memory in use after: 105.3 MB.

Unloading 7 unused Assets to reduce memory usage. Loaded Objects now: 2351.
Total: 2.349900 ms (FindLiveObjects: 0.180900 ms CreateObjectMapping: 0.069500 ms MarkObjects: 1.993900 ms  DeleteObjects: 0.104400 ms)

========================================================================
Received Prepare
Registering precompiled user dll's ...
Registered in 0.001818 seconds.
Begin MonoManager ReloadAssembly
Native extension for WindowsStandalone target not found
Refreshing native plugins compatible for Editor in 0.37 ms, found 0 plugins.
Preloading 0 native plugins for Editor in 0.00 ms.
Warning: Annotation not found!
UnityEngine.StackTraceUtility:ExtractStackTrace ()
UnityEditor.ProBuilder.EditorUtility:SetGizmoIconEnabled (System.Type,bool) (at Library/PackageCache/com.unity.probuilder@5.0.3/Editor/EditorCore/EditorUtility.cs:575)
UnityEditor.ProBuilder.HierarchyListener:.cctor () (at Library/PackageCache/com.unity.probuilder@5.0.3/Editor/EditorCore/HierarchyListener.cs:21)
System.Runtime.CompilerServices.RuntimeHelpers:RunClassConstructor (System.RuntimeTypeHandle)
UnityEditor.EditorAssemblies:ProcessInitializeOnLoadAttributes (System.Type[])

[Library/PackageCache/com.unity.probuilder@5.0.3/Editor/EditorCore/EditorUtility.cs line 575]

Invoked RoslynAnalysisRunner static constructor.
RoslynAnalysisRunner will not be running.
RoslynAnalysisRunner has terminated.
Mono: successfully reloaded assembly
- Completed reload, in  1.105 seconds
Platform modules already initialized, skipping
Refreshing native plugins compatible for Editor in 0.31 ms, found 0 plugins.
Preloading 0 native plugins for Editor in 0.00 ms.
Unloading 1839 Unused Serialized files (Serialized files now loaded: 0)
System memory in use before: 105.5 MB.
System memory in use after: 105.5 MB.

Unloading 7 unused Assets to reduce memory usage. Loaded Objects now: 2353.
Total: 2.707500 ms (FindLiveObjects: 0.186400 ms CreateObjectMapping: 0.068200 ms MarkObjects: 2.326400 ms  DeleteObjects: 0.125400 ms)

========================================================================
Received Prepare
Registering precompiled user dll's ...
Registered in 0.001611 seconds.
Begin MonoManager ReloadAssembly
Native extension for WindowsStandalone target not found
Refreshing native plugins compatible for Editor in 0.34 ms, found 0 plugins.
Preloading 0 native plugins for Editor in 0.00 ms.
Warning: Annotation not found!
UnityEngine.StackTraceUtility:ExtractStackTrace ()
UnityEditor.ProBuilder.EditorUtility:SetGizmoIconEnabled (System.Type,bool) (at Library/PackageCache/com.unity.probuilder@5.0.3/Editor/EditorCore/EditorUtility.cs:575)
UnityEditor.ProBuilder.HierarchyListener:.cctor () (at Library/PackageCache/com.unity.probuilder@5.0.3/Editor/EditorCore/HierarchyListener.cs:21)
System.Runtime.CompilerServices.RuntimeHelpers:RunClassConstructor (System.RuntimeTypeHandle)
UnityEditor.EditorAssemblies:ProcessInitializeOnLoadAttributes (System.Type[])

[Library/PackageCache/com.unity.probuilder@5.0.3/Editor/EditorCore/EditorUtility.cs line 575]

Invoked RoslynAnalysisRunner static constructor.
RoslynAnalysisRunner will not be running.
RoslynAnalysisRunner has terminated.
Mono: successfully reloaded assembly
- Completed reload, in  1.053 seconds
Platform modules already initialized, skipping
Refreshing native plugins compatible for Editor in 0.31 ms, found 0 plugins.
Preloading 0 native plugins for Editor in 0.00 ms.
Unloading 1839 Unused Serialized files (Serialized files now loaded: 0)
System memory in use before: 105.0 MB.
System memory in use after: 105.1 MB.

Unloading 7 unused Assets to reduce memory usage. Loaded Objects now: 2355.
Total: 3.267000 ms (FindLiveObjects: 0.289700 ms CreateObjectMapping: 0.080600 ms MarkObjects: 2.786600 ms  DeleteObjects: 0.108700 ms)

========================================================================
Received Prepare
Registering precompiled user dll's ...
Registered in 0.001358 seconds.
Begin MonoManager ReloadAssembly
Native extension for WindowsStandalone target not found
Refreshing native plugins compatible for Editor in 0.90 ms, found 0 plugins.
Preloading 0 native plugins for Editor in 0.00 ms.
Warning: Annotation not found!
UnityEngine.StackTraceUtility:ExtractStackTrace ()
UnityEditor.ProBuilder.EditorUtility:SetGizmoIconEnabled (System.Type,bool) (at Library/PackageCache/com.unity.probuilder@5.0.3/Editor/EditorCore/EditorUtility.cs:575)
UnityEditor.ProBuilder.HierarchyListener:.cctor () (at Library/PackageCache/com.unity.probuilder@5.0.3/Editor/EditorCore/HierarchyListener.cs:21)
System.Runtime.CompilerServices.RuntimeHelpers:RunClassConstructor (System.RuntimeTypeHandle)
UnityEditor.EditorAssemblies:ProcessInitializeOnLoadAttributes (System.Type[])

[Library/PackageCache/com.unity.probuilder@5.0.3/Editor/EditorCore/EditorUtility.cs line 575]

Invoked RoslynAnalysisRunner static constructor.
RoslynAnalysisRunner will not be running.
RoslynAnalysisRunner has terminated.
Mono: successfully reloaded assembly
- Completed reload, in  1.197 seconds
Platform modules already initialized, skipping
Refreshing native plugins compatible for Editor in 0.30 ms, found 0 plugins.
Preloading 0 native plugins for Editor in 0.00 ms.
Unloading 1839 Unused Serialized files (Serialized files now loaded: 0)
System memory in use before: 105.4 MB.
System memory in use after: 105.4 MB.

Unloading 7 unused Assets to reduce memory usage. Loaded Objects now: 2357.
Total: 2.878600 ms (FindLiveObjects: 0.171700 ms CreateObjectMapping: 0.067900 ms MarkObjects: 2.557100 ms  DeleteObjects: 0.080400 ms)

========================================================================
Received Import Request.
  Time since last request: 2848.917461 seconds.
  path: Assets/DungeonCharacters/Skeletons_demo/animation/DS_onehand_idle_A.FBX
  artifactKey: Guid(f15c07c4bb03eeb48a7d2f8bfc519969) Importer(815301076,1909f56bfc062723c751e8b465ee728b)
Start importing Assets/DungeonCharacters/Skeletons_demo/animation/DS_onehand_idle_A.FBX using Guid(f15c07c4bb03eeb48a7d2f8bfc519969) Importer(815301076,1909f56bfc062723c751e8b465ee728b)  -> (artifact id: '451c0d3c56b482adcde70505941a7b5d') in 0.024711 seconds
  Import took 0.029722 seconds .

========================================================================
Received Prepare
Registering precompiled user dll's ...
Registered in 0.001456 seconds.
Begin MonoManager ReloadAssembly
Native extension for WindowsStandalone target not found
Refreshing native plugins compatible for Editor in 0.32 ms, found 0 plugins.
Preloading 0 native plugins for Editor in 0.00 ms.
Warning: Annotation not found!
UnityEngine.StackTraceUtility:ExtractStackTrace ()
UnityEditor.ProBuilder.EditorUtility:SetGizmoIconEnabled (System.Type,bool) (at Library/PackageCache/com.unity.probuilder@5.0.3/Editor/EditorCore/EditorUtility.cs:575)
UnityEditor.ProBuilder.HierarchyListener:.cctor () (at Library/PackageCache/com.unity.probuilder@5.0.3/Editor/EditorCore/HierarchyListener.cs:21)
System.Runtime.CompilerServices.RuntimeHelpers:RunClassConstructor (System.RuntimeTypeHandle)
UnityEditor.EditorAssemblies:ProcessInitializeOnLoadAttributes (System.Type[])

[Library/PackageCache/com.unity.probuilder@5.0.3/Editor/EditorCore/EditorUtility.cs line 575]

Invoked RoslynAnalysisRunner static constructor.
RoslynAnalysisRunner will not be running.
RoslynAnalysisRunner has terminated.
Mono: successfully reloaded assembly
- Completed reload, in  1.243 seconds
Platform modules already initialized, skipping
Refreshing native plugins compatible for Editor in 0.63 ms, found 0 plugins.
Preloading 0 native plugins for Editor in 0.00 ms.
Unloading 1839 Unused Serialized files (Serialized files now loaded: 0)
System memory in use before: 105.5 MB.
System memory in use after: 105.6 MB.

Unloading 7 unused Assets to reduce memory usage. Loaded Objects now: 2359.
Total: 2.592700 ms (FindLiveObjects: 0.314700 ms CreateObjectMapping: 0.166200 ms MarkObjects: 2.025400 ms  DeleteObjects: 0.084600 ms)

========================================================================
Received Import Request.
  Time since last request: 81.647134 seconds.
  path: Assets/DungeonCharacters/Skeletons_demo/animation/DS_onehand_idle_A.FBX
  artifactKey: Guid(f15c07c4bb03eeb48a7d2f8bfc519969) Importer(815301076,1909f56bfc062723c751e8b465ee728b)
Start importing Assets/DungeonCharacters/Skeletons_demo/animation/DS_onehand_idle_A.FBX using Guid(f15c07c4bb03eeb48a7d2f8bfc519969) Importer(815301076,1909f56bfc062723c751e8b465ee728b)  -> (artifact id: '9c7e63dab11b67b99d39ee6656dd2226') in 0.022638 seconds
  Import took 0.027159 seconds .

========================================================================
Received Prepare
Registering precompiled user dll's ...
Registered in 0.001363 seconds.
Begin MonoManager ReloadAssembly
Native extension for WindowsStandalone target not found
Refreshing native plugins compatible for Editor in 0.35 ms, found 0 plugins.
Preloading 0 native plugins for Editor in 0.00 ms.
Warning: Annotation not found!
UnityEngine.StackTraceUtility:ExtractStackTrace ()
UnityEditor.ProBuilder.EditorUtility:SetGizmoIconEnabled (System.Type,bool) (at Library/PackageCache/com.unity.probuilder@5.0.3/Editor/EditorCore/EditorUtility.cs:575)
UnityEditor.ProBuilder.HierarchyListener:.cctor () (at Library/PackageCache/com.unity.probuilder@5.0.3/Editor/EditorCore/HierarchyListener.cs:21)
System.Runtime.CompilerServices.RuntimeHelpers:RunClassConstructor (System.RuntimeTypeHandle)
UnityEditor.EditorAssemblies:ProcessInitializeOnLoadAttributes (System.Type[])

[Library/PackageCache/com.unity.probuilder@5.0.3/Editor/EditorCore/EditorUtility.cs line 575]

Invoked RoslynAnalysisRunner static constructor.
RoslynAnalysisRunner will not be running.
RoslynAnalysisRunner has terminated.
Mono: successfully reloaded assembly
- Completed reload, in  1.164 seconds
Platform modules already initialized, skipping
Refreshing native plugins compatible for Editor in 0.37 ms, found 0 plugins.
Preloading 0 native plugins for Editor in 0.00 ms.
Unloading 1839 Unused Serialized files (Serialized files now loaded: 0)
System memory in use before: 105.1 MB.
System memory in use after: 105.2 MB.

Unloading 7 unused Assets to reduce memory usage. Loaded Objects now: 2361.
Total: 3.535600 ms (FindLiveObjects: 0.588700 ms CreateObjectMapping: 0.180500 ms MarkObjects: 2.625000 ms  DeleteObjects: 0.139600 ms)

========================================================================
Received Import Request.
  Time since last request: 40.142655 seconds.
  path: Assets/DungeonCharacters/Skeletons_demo/animation/Jump Attack.fbx
  artifactKey: Guid(b9ef057ef5a356f4783ecb6739e1c783) Importer(815301076,1909f56bfc062723c751e8b465ee728b)
Start importing Assets/DungeonCharacters/Skeletons_demo/animation/Jump Attack.fbx using Guid(b9ef057ef5a356f4783ecb6739e1c783) Importer(815301076,1909f56bfc062723c751e8b465ee728b)  -> (artifact id: '2c079d841db7b1f6ab4f5fc154c522c6') in 0.025164 seconds
  Import took 0.029114 seconds .

========================================================================
Received Import Request.
  Time since last request: 49.014962 seconds.
  path: Assets/DungeonCharacters/Skeletons_demo/animation/Dodge Left.fbx
  artifactKey: Guid(c478fd48dff3ed44bbaf94031a193da3) Importer(815301076,1909f56bfc062723c751e8b465ee728b)
Start importing Assets/DungeonCharacters/Skeletons_demo/animation/Dodge Left.fbx using Guid(c478fd48dff3ed44bbaf94031a193da3) Importer(815301076,1909f56bfc062723c751e8b465ee728b)  -> (artifact id: '99f0479f00b1f8cdf965ee4b135bae86') in 0.011288 seconds
  Import took 0.016250 seconds .

========================================================================
Received Import Request.
  Time since last request: 7.037293 seconds.
  path: Assets/DungeonCharacters/Skeletons_demo/animation/Dodge Rigth.fbx
  artifactKey: Guid(1ab446af76eaa1e4a817a6944aa0deeb) Importer(815301076,1909f56bfc062723c751e8b465ee728b)
Start importing Assets/DungeonCharacters/Skeletons_demo/animation/Dodge Rigth.fbx using Guid(1ab446af76eaa1e4a817a6944aa0deeb) Importer(815301076,1909f56bfc062723c751e8b465ee728b)  -> (artifact id: '1053cdd7ba67de2e09740c1751b842c4') in 0.011352 seconds
  Import took 0.025306 seconds .

========================================================================
Received Import Request.
  Time since last request: 6.744236 seconds.
  path: Assets/DungeonCharacters/Skeletons_demo/animation/DS_onehand_attack_A.FBX
  artifactKey: Guid(68e3a50f30bb0c54e8ca5cfae6eea48d) Importer(815301076,1909f56bfc062723c751e8b465ee728b)
Start importing Assets/DungeonCharacters/Skeletons_demo/animation/DS_onehand_attack_A.FBX using Guid(68e3a50f30bb0c54e8ca5cfae6eea48d) Importer(815301076,1909f56bfc062723c751e8b465ee728b)  -> (artifact id: 'ec0b10df75f5b05818275fbad4f5347f') in 0.011994 seconds
  Import took 0.016163 seconds .

========================================================================
Received Import Request.
  Time since last request: 7.091371 seconds.
  path: Assets/DungeonCharacters/Skeletons_demo/animation/DS_onehand_walk.FBX
  artifactKey: Guid(272e84c6ff8fea340b19da71308f0475) Importer(815301076,1909f56bfc062723c751e8b465ee728b)
Start importing Assets/DungeonCharacters/Skeletons_demo/animation/DS_onehand_walk.FBX using Guid(272e84c6ff8fea340b19da71308f0475) Importer(815301076,1909f56bfc062723c751e8b465ee728b)  -> (artifact id: '100068f2006279cbeb954fbc062ed77d') in 0.012024 seconds
  Import took 0.016944 seconds .

========================================================================
Received Import Request.
  Time since last request: 6.296742 seconds.
  path: Assets/DungeonCharacters/Skeletons_demo/animation/Left Strafe.fbx
  artifactKey: Guid(a2c02278e2e48ce40baf362d02b3c6c5) Importer(815301076,1909f56bfc062723c751e8b465ee728b)
Start importing Assets/DungeonCharacters/Skeletons_demo/animation/Left Strafe.fbx using Guid(a2c02278e2e48ce40baf362d02b3c6c5) Importer(815301076,1909f56bfc062723c751e8b465ee728b)  -> (artifact id: '304b199bd3e7ca09ac1f6459d210fa34') in 0.011491 seconds
  Import took 0.016597 seconds .

========================================================================
Received Import Request.
  Time since last request: 4.662845 seconds.
  path: Assets/DungeonCharacters/Skeletons_demo/animation/Rigth Strafe.fbx
  artifactKey: Guid(1a9f7f139521d2d4988dfa81517b9fd1) Importer(815301076,1909f56bfc062723c751e8b465ee728b)
Start importing Assets/DungeonCharacters/Skeletons_demo/animation/Rigth Strafe.fbx using Guid(1a9f7f139521d2d4988dfa81517b9fd1) Importer(815301076,1909f56bfc062723c751e8b465ee728b)  -> (artifact id: '3041fc41f379931bbafe74efc846ce52') in 0.014530 seconds
  Import took 0.018576 seconds .

========================================================================
Received Prepare
Registering precompiled user dll's ...
Registered in 0.001881 seconds.
Begin MonoManager ReloadAssembly
Native extension for WindowsStandalone target not found
Refreshing native plugins compatible for Editor in 0.29 ms, found 0 plugins.
Preloading 0 native plugins for Editor in 0.00 ms.
Warning: Annotation not found!
UnityEngine.StackTraceUtility:ExtractStackTrace ()
UnityEditor.ProBuilder.EditorUtility:SetGizmoIconEnabled (System.Type,bool) (at Library/PackageCache/com.unity.probuilder@5.0.3/Editor/EditorCore/EditorUtility.cs:575)
UnityEditor.ProBuilder.HierarchyListener:.cctor () (at Library/PackageCache/com.unity.probuilder@5.0.3/Editor/EditorCore/HierarchyListener.cs:21)
System.Runtime.CompilerServices.RuntimeHelpers:RunClassConstructor (System.RuntimeTypeHandle)
UnityEditor.EditorAssemblies:ProcessInitializeOnLoadAttributes (System.Type[])

[Library/PackageCache/com.unity.probuilder@5.0.3/Editor/EditorCore/EditorUtility.cs line 575]

Invoked RoslynAnalysisRunner static constructor.
RoslynAnalysisRunner will not be running.
RoslynAnalysisRunner has terminated.
Mono: successfully reloaded assembly
- Completed reload, in  1.093 seconds
Platform modules already initialized, skipping
Refreshing native plugins compatible for Editor in 0.58 ms, found 0 plugins.
Preloading 0 native plugins for Editor in 0.00 ms.
Unloading 1839 Unused Serialized files (Serialized files now loaded: 0)
System memory in use before: 105.5 MB.
System memory in use after: 105.5 MB.

Unloading 7 unused Assets to reduce memory usage. Loaded Objects now: 2363.
Total: 2.693200 ms (FindLiveObjects: 0.266700 ms CreateObjectMapping: 0.169100 ms MarkObjects: 2.162800 ms  DeleteObjects: 0.093400 ms)

========================================================================
Received Prepare
Registering precompiled user dll's ...
Registered in 0.001437 seconds.
Begin MonoManager ReloadAssembly
Native extension for WindowsStandalone target not found
Refreshing native plugins compatible for Editor in 0.30 ms, found 0 plugins.
Preloading 0 native plugins for Editor in 0.00 ms.
Warning: Annotation not found!
UnityEngine.StackTraceUtility:ExtractStackTrace ()
UnityEditor.ProBuilder.EditorUtility:SetGizmoIconEnabled (System.Type,bool) (at Library/PackageCache/com.unity.probuilder@5.0.3/Editor/EditorCore/EditorUtility.cs:575)
UnityEditor.ProBuilder.HierarchyListener:.cctor () (at Library/PackageCache/com.unity.probuilder@5.0.3/Editor/EditorCore/HierarchyListener.cs:21)
System.Runtime.CompilerServices.RuntimeHelpers:RunClassConstructor (System.RuntimeTypeHandle)
UnityEditor.EditorAssemblies:ProcessInitializeOnLoadAttributes (System.Type[])

[Library/PackageCache/com.unity.probuilder@5.0.3/Editor/EditorCore/EditorUtility.cs line 575]

Invoked RoslynAnalysisRunner static constructor.
RoslynAnalysisRunner will not be running.
RoslynAnalysisRunner has terminated.
Mono: successfully reloaded assembly
- Completed reload, in  1.109 seconds
Platform modules already initialized, skipping
Refreshing native plugins compatible for Editor in 0.83 ms, found 0 plugins.
Preloading 0 native plugins for Editor in 0.00 ms.
Unloading 1839 Unused Serialized files (Serialized files now loaded: 0)
System memory in use before: 105.5 MB.
System memory in use after: 105.6 MB.

Unloading 7 unused Assets to reduce memory usage. Loaded Objects now: 2365.
Total: 3.003600 ms (FindLiveObjects: 0.301400 ms CreateObjectMapping: 0.096000 ms MarkObjects: 2.482600 ms  DeleteObjects: 0.122000 ms)

========================================================================
Received Prepare
Registering precompiled user dll's ...
Registered in 0.001604 seconds.
Begin MonoManager ReloadAssembly
Native extension for WindowsStandalone target not found
Refreshing native plugins compatible for Editor in 0.30 ms, found 0 plugins.
Preloading 0 native plugins for Editor in 0.00 ms.
Warning: Annotation not found!
UnityEngine.StackTraceUtility:ExtractStackTrace ()
UnityEditor.ProBuilder.EditorUtility:SetGizmoIconEnabled (System.Type,bool) (at Library/PackageCache/com.unity.probuilder@5.0.3/Editor/EditorCore/EditorUtility.cs:575)
UnityEditor.ProBuilder.HierarchyListener:.cctor () (at Library/PackageCache/com.unity.probuilder@5.0.3/Editor/EditorCore/HierarchyListener.cs:21)
System.Runtime.CompilerServices.RuntimeHelpers:RunClassConstructor (System.RuntimeTypeHandle)
UnityEditor.EditorAssemblies:ProcessInitializeOnLoadAttributes (System.Type[])

[Library/PackageCache/com.unity.probuilder@5.0.3/Editor/EditorCore/EditorUtility.cs line 575]

Invoked RoslynAnalysisRunner static constructor.
RoslynAnalysisRunner will not be running.
RoslynAnalysisRunner has terminated.
Mono: successfully reloaded assembly
- Completed reload, in  1.029 seconds
Platform modules already initialized, skipping
Refreshing native plugins compatible for Editor in 0.31 ms, found 0 plugins.
Preloading 0 native plugins for Editor in 0.00 ms.
Unloading 1839 Unused Serialized files (Serialized files now loaded: 0)
System memory in use before: 105.2 MB.
System memory in use after: 105.3 MB.

Unloading 7 unused Assets to reduce memory usage. Loaded Objects now: 2367.
Total: 2.895800 ms (FindLiveObjects: 0.267300 ms CreateObjectMapping: 0.093100 ms MarkObjects: 2.406200 ms  DeleteObjects: 0.128200 ms)

========================================================================
Received Prepare
Registering precompiled user dll's ...
Registered in 0.011054 seconds.
Begin MonoManager ReloadAssembly
Native extension for WindowsStandalone target not found
Refreshing native plugins compatible for Editor in 0.45 ms, found 2 plugins.
Preloading 0 native plugins for Editor in 0.00 ms.
Warning: Annotation not found!
UnityEngine.StackTraceUtility:ExtractStackTrace ()
UnityEditor.ProBuilder.EditorUtility:SetGizmoIconEnabled (System.Type,bool) (at Library/PackageCache/com.unity.probuilder@5.0.3/Editor/EditorCore/EditorUtility.cs:575)
UnityEditor.ProBuilder.HierarchyListener:.cctor () (at Library/PackageCache/com.unity.probuilder@5.0.3/Editor/EditorCore/HierarchyListener.cs:21)
System.Runtime.CompilerServices.RuntimeHelpers:RunClassConstructor (System.RuntimeTypeHandle)
UnityEditor.EditorAssemblies:ProcessInitializeOnLoadAttributes (System.Type[])

[Library/PackageCache/com.unity.probuilder@5.0.3/Editor/EditorCore/EditorUtility.cs line 575]

Invoked RoslynAnalysisRunner static constructor.
RoslynAnalysisRunner will not be running.
RoslynAnalysisRunner has terminated.
Mono: successfully reloaded assembly
- Completed reload, in  1.323 seconds
Platform modules already initialized, skipping
Refreshing native plugins compatible for Editor in 0.44 ms, found 2 plugins.
Preloading 0 native plugins for Editor in 0.00 ms.
Unloading 1858 Unused Serialized files (Serialized files now loaded: 0)
System memory in use before: 106.3 MB.
System memory in use after: 106.4 MB.

Unloading 24 unused Assets to reduce memory usage. Loaded Objects now: 2413.
Total: 3.072900 ms (FindLiveObjects: 0.255000 ms CreateObjectMapping: 0.089900 ms MarkObjects: 2.635900 ms  DeleteObjects: 0.090600 ms)

========================================================================
Received Import Request.
  Time since last request: 2397.448604 seconds.
  path: Assets/Plugins
  artifactKey: Guid(720712be6e31c444f88f57bb85bf5fa5) Importer(815301076,1909f56bfc062723c751e8b465ee728b)
Start importing Assets/Plugins using Guid(720712be6e31c444f88f57bb85bf5fa5) Importer(815301076,1909f56bfc062723c751e8b465ee728b)  -> (artifact id: '3f52063af0b286518b61020aa6384c5f') in 0.065034 seconds
  Import took 0.076223 seconds .

========================================================================
Received Import Request.
  Time since last request: 0.850838 seconds.
  path: Assets/Plugins/GitHub
  artifactKey: Guid(18e096a98c2704c40a818dd1214cd179) Importer(815301076,1909f56bfc062723c751e8b465ee728b)
Start importing Assets/Plugins/GitHub using Guid(18e096a98c2704c40a818dd1214cd179) Importer(815301076,1909f56bfc062723c751e8b465ee728b)  -> (artifact id: 'e1edffe3ac331f2550576ff5f370e91f') in 0.003103 seconds
  Import took 0.007937 seconds .

========================================================================
Received Import Request.
  Time since last request: 1.042907 seconds.
  path: Assets/Plugins/GitHub/Editor
  artifactKey: Guid(cad92998c5182496e8b989b406d9f156) Importer(815301076,1909f56bfc062723c751e8b465ee728b)
Start importing Assets/Plugins/GitHub/Editor using Guid(cad92998c5182496e8b989b406d9f156) Importer(815301076,1909f56bfc062723c751e8b465ee728b)  -> (artifact id: '1965e1709e2dbc43b7848d7b4356cea0') in 0.106076 seconds
  Import took 0.109954 seconds .

========================================================================
Received Prepare
Registering precompiled user dll's ...
Registered in 0.008124 seconds.
Begin MonoManager ReloadAssembly
Native extension for WindowsStandalone target not found
Refreshing native plugins compatible for Editor in 0.44 ms, found 2 plugins.
Preloading 0 native plugins for Editor in 0.00 ms.
Warning: Annotation not found!
UnityEngine.StackTraceUtility:ExtractStackTrace ()
UnityEditor.ProBuilder.EditorUtility:SetGizmoIconEnabled (System.Type,bool) (at Library/PackageCache/com.unity.probuilder@5.0.3/Editor/EditorCore/EditorUtility.cs:575)
UnityEditor.ProBuilder.HierarchyListener:.cctor () (at Library/PackageCache/com.unity.probuilder@5.0.3/Editor/EditorCore/HierarchyListener.cs:21)
System.Runtime.CompilerServices.RuntimeHelpers:RunClassConstructor (System.RuntimeTypeHandle)
UnityEditor.EditorAssemblies:ProcessInitializeOnLoadAttributes (System.Type[])

[Library/PackageCache/com.unity.probuilder@5.0.3/Editor/EditorCore/EditorUtility.cs line 575]

Invoked RoslynAnalysisRunner static constructor.
RoslynAnalysisRunner will not be running.
RoslynAnalysisRunner has terminated.
Mono: successfully reloaded assembly
- Completed reload, in  1.147 seconds
Platform modules already initialized, skipping
Refreshing native plugins compatible for Editor in 0.44 ms, found 2 plugins.
Preloading 0 native plugins for Editor in 0.00 ms.
Unloading 1858 Unused Serialized files (Serialized files now loaded: 0)
System memory in use before: 105.9 MB.
System memory in use after: 105.9 MB.

Unloading 24 unused Assets to reduce memory usage. Loaded Objects now: 2415.
Total: 2.784800 ms (FindLiveObjects: 0.201700 ms CreateObjectMapping: 0.071600 ms MarkObjects: 2.422200 ms  DeleteObjects: 0.088100 ms)

AssetImportWorkerClient::OnTransportError - code=2 error=End of file
